<?xml version="1.0" encoding="UTF-8"?>
<testsuite xmlns:xsi="http://www.w3.org/2001/XMLSchema-instance" xsi:noNamespaceSchemaLocation="https://maven.apache.org/surefire/maven-surefire-plugin/xsd/surefire-test-report.xsd" name="edu.au.cpsc.inventory.partspecification.PartSpecificationTest" time="0" tests="2" errors="0" skipped="0" failures="0">
  <properties>
[...]
</properties>
  <testcase name="given_new_part_specification_then_suppliers_empty" classname="edu.au.cpsc.inventory.partspecification.PartSpecificationTest" time="0"/>
  <testcase name="given_no_suppliers_when_supplier_added_then_has_one_supplier" classname="edu.au.cpsc.inventory.partspecification.PartSpecificationTest" time="0"/>
</testsuite>